  [1m[35m (0.4ms)[0m  [1m[34mSELECT sqlite_version(*)[0m
  ↳ bin/rails:9
  [1m[35m (2.1ms)[0m  [1m[35mCREATE TABLE "schema_migrations" ("version" varchar NOT NULL PRIMARY KEY)[0m
  ↳ bin/rails:9
  [1m[35m (0.7ms)[0m  [1m[35mCREATE TABLE "ar_internal_metadata" ("key" varchar NOT NULL PRIMARY KEY, "value" varchar, "created_at" datetime NOT NULL, "updated_at" datetime NOT NULL)[0m
  ↳ bin/rails:9
  [1m[35m (0.1ms)[0m  [1m[34mSELECT "schema_migrations"."version" FROM "schema_migrations" ORDER BY "schema_migrations"."version" ASC[0m
  ↳ bin/rails:9
Migrating to CreateUsers (20210510175226)
  [1m[35m (0.1ms)[0m  [1m[36mbegin transaction[0m
  ↳ bin/rails:9
  [1m[35m (0.4ms)[0m  [1m[35mCREATE TABLE "users" ("id" integer PRIMARY KEY AUTOINCREMENT NOT NULL, "email" varchar NOT NULL, "name" varchar NOT NULL, "reason_for_using" varchar NOT NULL, "password_digest" varchar NOT NULL, "session_token" varchar NOT NULL, "created_at" datetime NOT NULL, "updated_at" datetime NOT NULL)[0m
  ↳ db/migrate/20210510175226_create_users.rb:3
  [1m[35m (0.1ms)[0m  [1m[35mCREATE UNIQUE INDEX "index_users_on_email" ON "users" ("email")[0m
  ↳ db/migrate/20210510175226_create_users.rb:11
  [1m[35m (0.1ms)[0m  [1m[35mCREATE  INDEX "index_users_on_name" ON "users" ("name")[0m
  ↳ db/migrate/20210510175226_create_users.rb:12
  [1m[35m (0.1ms)[0m  [1m[35mCREATE  INDEX "index_users_on_reason_for_using" ON "users" ("reason_for_using")[0m
  ↳ db/migrate/20210510175226_create_users.rb:13
  [1m[35m (0.1ms)[0m  [1m[35mCREATE  INDEX "index_users_on_password_digest" ON "users" ("password_digest")[0m
  ↳ db/migrate/20210510175226_create_users.rb:14
  [1m[35m (1.9ms)[0m  [1m[31mrollback transaction[0m
  ↳ bin/rails:9
  [1m[35m (0.1ms)[0m  [1m[34mSELECT "schema_migrations"."version" FROM "schema_migrations" ORDER BY "schema_migrations"."version" ASC[0m
  ↳ bin/rails:9
Migrating to CreateUsers (20210510175226)
  [1m[35m (0.1ms)[0m  [1m[36mbegin transaction[0m
  ↳ bin/rails:9
  [1m[35m (0.1ms)[0m  [1m[34mSELECT sqlite_version(*)[0m
  ↳ db/migrate/20210510175226_create_users.rb:3
  [1m[35m (1.0ms)[0m  [1m[35mCREATE TABLE "users" ("id" integer PRIMARY KEY AUTOINCREMENT NOT NULL, "email" varchar NOT NULL, "name" varchar NOT NULL, "reason_for_using" varchar NOT NULL, "password_digest" varchar NOT NULL, "session_token" varchar NOT NULL, "created_at" datetime NOT NULL, "updated_at" datetime NOT NULL)[0m
  ↳ db/migrate/20210510175226_create_users.rb:3
  [1m[35m (0.1ms)[0m  [1m[35mCREATE UNIQUE INDEX "index_users_on_email" ON "users" ("email")[0m
  ↳ db/migrate/20210510175226_create_users.rb:11
  [1m[35m (0.1ms)[0m  [1m[35mCREATE  INDEX "index_users_on_name" ON "users" ("name")[0m
  ↳ db/migrate/20210510175226_create_users.rb:12
  [1m[35m (0.2ms)[0m  [1m[35mCREATE  INDEX "index_users_on_reason_for_using" ON "users" ("reason_for_using")[0m
  ↳ db/migrate/20210510175226_create_users.rb:13
  [1m[35m (0.3ms)[0m  [1m[31mrollback transaction[0m
  ↳ bin/rails:9
  [1m[35m (0.1ms)[0m  [1m[34mSELECT "schema_migrations"."version" FROM "schema_migrations" ORDER BY "schema_migrations"."version" ASC[0m
  ↳ bin/rails:9
Migrating to CreateUsers (20210510175226)
  [1m[35m (0.0ms)[0m  [1m[36mbegin transaction[0m
  ↳ bin/rails:9
  [1m[35m (0.0ms)[0m  [1m[34mSELECT sqlite_version(*)[0m
  ↳ db/migrate/20210510175226_create_users.rb:3
  [1m[35m (0.6ms)[0m  [1m[35mCREATE TABLE "users" ("id" integer PRIMARY KEY AUTOINCREMENT NOT NULL, "email" varchar NOT NULL, "name" varchar NOT NULL, "reason_for_using" varchar NOT NULL, "password_digest" varchar NOT NULL, "session_token" varchar NOT NULL, "created_at" datetime NOT NULL, "updated_at" datetime NOT NULL)[0m
  ↳ db/migrate/20210510175226_create_users.rb:3
  [1m[35m (0.1ms)[0m  [1m[35mCREATE UNIQUE INDEX "index_users_on_email" ON "users" ("email")[0m
  ↳ db/migrate/20210510175226_create_users.rb:12
  [1m[35m (0.1ms)[0m  [1m[35mCREATE  INDEX "index_users_on_name" ON "users" ("name")[0m
  ↳ db/migrate/20210510175226_create_users.rb:13
  [1m[35m (0.1ms)[0m  [1m[35mCREATE  INDEX "index_users_on_reason_for_using" ON "users" ("reason_for_using")[0m
  ↳ db/migrate/20210510175226_create_users.rb:14
  [1m[35m (0.2ms)[0m  [1m[31mrollback transaction[0m
  ↳ bin/rails:9
  [1m[35m (0.1ms)[0m  [1m[34mSELECT "schema_migrations"."version" FROM "schema_migrations" ORDER BY "schema_migrations"."version" ASC[0m
  ↳ bin/rails:9
Migrating to CreateUsers (20210510175226)
  [1m[35m (0.0ms)[0m  [1m[36mbegin transaction[0m
  ↳ bin/rails:9
  [1m[35m (0.0ms)[0m  [1m[34mSELECT sqlite_version(*)[0m
  ↳ db/migrate/20210510175226_create_users.rb:3
  [1m[35m (0.6ms)[0m  [1m[35mCREATE TABLE "users" ("id" integer PRIMARY KEY AUTOINCREMENT NOT NULL, "email" varchar NOT NULL, "name" varchar NOT NULL, "reason_for_using" varchar NOT NULL, "password_digest" varchar NOT NULL, "session_token" varchar NOT NULL, "created_at" datetime NOT NULL, "updated_at" datetime NOT NULL)[0m
  ↳ db/migrate/20210510175226_create_users.rb:3
  [1m[35m (0.1ms)[0m  [1m[35mCREATE UNIQUE INDEX "index_users_on_email" ON "users" ("email")[0m
  ↳ db/migrate/20210510175226_create_users.rb:13
  [1m[35m (0.1ms)[0m  [1m[35mCREATE  INDEX "index_users_on_name" ON "users" ("name")[0m
  ↳ db/migrate/20210510175226_create_users.rb:14
  [1m[35m (0.1ms)[0m  [1m[35mCREATE  INDEX "index_users_on_reason_for_using" ON "users" ("reason_for_using")[0m
  ↳ db/migrate/20210510175226_create_users.rb:15
  [1m[35m (0.1ms)[0m  [1m[35mCREATE UNIQUE INDEX "index_users_on_session_token" ON "users" ("session_token")[0m
  ↳ db/migrate/20210510175226_create_users.rb:16
  [1m[36mActiveRecord::SchemaMigration Create (1.0ms)[0m  [1m[32mINSERT INTO "schema_migrations" ("version") VALUES (?)[0m  [["version", "20210510175226"]]
  ↳ bin/rails:9
  [1m[35m (0.5ms)[0m  [1m[36mcommit transaction[0m
  ↳ bin/rails:9
  [1m[36mActiveRecord::InternalMetadata Load (1.5ms)[0m  [1m[34mSELECT  "ar_internal_metadata".* FROM "ar_internal_metadata" WHERE "ar_internal_metadata"."key" = ? LIMIT ?[0m  [["key", "environment"], ["LIMIT", 1]]
  ↳ bin/rails:9
  [1m[35m (0.0ms)[0m  [1m[36mbegin transaction[0m
  ↳ bin/rails:9
  [1m[36mActiveRecord::InternalMetadata Create (0.4ms)[0m  [1m[32mINSERT INTO "ar_internal_metadata" ("key", "value", "created_at", "updated_at") VALUES (?, ?, ?, ?)[0m  [["key", "environment"], ["value", "development"], ["created_at", "2021-05-10 17:59:41.589943"], ["updated_at", "2021-05-10 17:59:41.589943"]]
  ↳ bin/rails:9
  [1m[35m (0.4ms)[0m  [1m[36mcommit transaction[0m
  ↳ bin/rails:9
  [1m[35m (0.1ms)[0m  [1m[34mSELECT "schema_migrations"."version" FROM "schema_migrations" ORDER BY "schema_migrations"."version" ASC[0m
  ↳ bin/rails:9
  [1m[35m (0.1ms)[0m  [1m[34mSELECT "schema_migrations"."version" FROM "schema_migrations" ORDER BY "schema_migrations"."version" ASC[0m
  ↳ bin/rails:9
Migrating to CreateArtworks (20210510180014)
  [1m[35m (0.1ms)[0m  [1m[36mbegin transaction[0m
  ↳ bin/rails:9
  [1m[35m (0.1ms)[0m  [1m[34mSELECT sqlite_version(*)[0m
  ↳ db/migrate/20210510180014_create_artworks.rb:3
  [1m[35m (0.6ms)[0m  [1m[35mCREATE TABLE "artworks" ("id" integer PRIMARY KEY AUTOINCREMENT NOT NULL, "title" varchar NOT NULL, "year" varchar NOT NULL, "artist_id" integer NOT NULL, "description" varchar NOT NULL, "height_dimensions" float NOT NULL, "width_dimensions" float NOT NULL, "medium_id" integer NOT NULL, "availability" boolean NOT NULL, "price" integer NOT NULL, "about" text, "condition" varchar, "signature" varchar, "certificate_of_authenticity" boolean, "created_at" datetime NOT NULL, "updated_at" datetime NOT NULL)[0m
  ↳ db/migrate/20210510180014_create_artworks.rb:3
  [1m[35m (0.1ms)[0m  [1m[35mCREATE  INDEX "index_artworks_on_title" ON "artworks" ("title")[0m
  ↳ db/migrate/20210510180014_create_artworks.rb:20
  [1m[35m (0.1ms)[0m  [1m[35mCREATE  INDEX "index_artworks_on_artist_id" ON "artworks" ("artist_id")[0m
  ↳ db/migrate/20210510180014_create_artworks.rb:21
  [1m[35m (0.1ms)[0m  [1m[35mCREATE  INDEX "index_artworks_on_description" ON "artworks" ("description")[0m
  ↳ db/migrate/20210510180014_create_artworks.rb:22
  [1m[35m (0.1ms)[0m  [1m[35mCREATE  INDEX "index_artworks_on_height_dimensions" ON "artworks" ("height_dimensions")[0m
  ↳ db/migrate/20210510180014_create_artworks.rb:23
  [1m[35m (0.1ms)[0m  [1m[35mCREATE  INDEX "index_artworks_on_width_dimensions" ON "artworks" ("width_dimensions")[0m
  ↳ db/migrate/20210510180014_create_artworks.rb:24
  [1m[35m (0.1ms)[0m  [1m[35mCREATE  INDEX "index_artworks_on_medium_id" ON "artworks" ("medium_id")[0m
  ↳ db/migrate/20210510180014_create_artworks.rb:25
  [1m[35m (0.1ms)[0m  [1m[35mCREATE  INDEX "index_artworks_on_availability" ON "artworks" ("availability")[0m
  ↳ db/migrate/20210510180014_create_artworks.rb:26
  [1m[35m (0.1ms)[0m  [1m[35mCREATE  INDEX "index_artworks_on_price" ON "artworks" ("price")[0m
  ↳ db/migrate/20210510180014_create_artworks.rb:27
  [1m[35m (0.1ms)[0m  [1m[35mCREATE UNIQUE INDEX "index_artworks_on_title_and_artist_id" ON "artworks" ("title", "artist_id")[0m
  ↳ db/migrate/20210510180014_create_artworks.rb:28
  [1m[36mActiveRecord::SchemaMigration Create (0.2ms)[0m  [1m[32mINSERT INTO "schema_migrations" ("version") VALUES (?)[0m  [["version", "20210510180014"]]
  ↳ bin/rails:9
  [1m[35m (0.7ms)[0m  [1m[36mcommit transaction[0m
  ↳ bin/rails:9
  [1m[36mActiveRecord::InternalMetadata Load (1.1ms)[0m  [1m[34mSELECT  "ar_internal_metadata".* FROM "ar_internal_metadata" WHERE "ar_internal_metadata"."key" = ? LIMIT ?[0m  [["key", "environment"], ["LIMIT", 1]]
  ↳ bin/rails:9
  [1m[35m (0.0ms)[0m  [1m[36mbegin transaction[0m
  ↳ bin/rails:9
  [1m[35m (0.0ms)[0m  [1m[36mcommit transaction[0m
  ↳ bin/rails:9
  [1m[35m (0.1ms)[0m  [1m[34mSELECT "schema_migrations"."version" FROM "schema_migrations" ORDER BY "schema_migrations"."version" ASC[0m
  ↳ bin/rails:9
  [1m[35m (0.1ms)[0m  [1m[34mSELECT "schema_migrations"."version" FROM "schema_migrations" ORDER BY "schema_migrations"."version" ASC[0m
  ↳ bin/rails:9
Migrating to CreateArtists (20210510180703)
  [1m[35m (0.0ms)[0m  [1m[36mbegin transaction[0m
  ↳ bin/rails:9
  [1m[35m (0.0ms)[0m  [1m[34mSELECT sqlite_version(*)[0m
  ↳ db/migrate/20210510180703_create_artists.rb:3
  [1m[35m (0.6ms)[0m  [1m[35mCREATE TABLE "artists" ("id" integer PRIMARY KEY AUTOINCREMENT NOT NULL, "name" varchar NOT NULL, "birth_year" varchar NOT NULL, "death_year" varchar NOT NULL, "gallery_id" integer NOT NULL, "bio" text, "created_at" datetime NOT NULL, "updated_at" datetime NOT NULL)[0m
  ↳ db/migrate/20210510180703_create_artists.rb:3
  [1m[35m (0.1ms)[0m  [1m[35mCREATE  INDEX "index_artists_on_name" ON "artists" ("name")[0m
  ↳ db/migrate/20210510180703_create_artists.rb:13
  [1m[35m (0.1ms)[0m  [1m[35mCREATE  INDEX "index_artists_on_birth_year" ON "artists" ("birth_year")[0m
  ↳ db/migrate/20210510180703_create_artists.rb:14
  [1m[35m (0.1ms)[0m  [1m[35mCREATE  INDEX "index_artists_on_death_year" ON "artists" ("death_year")[0m
  ↳ db/migrate/20210510180703_create_artists.rb:15
  [1m[35m (0.1ms)[0m  [1m[35mCREATE  INDEX "index_artists_on_gallery_id" ON "artists" ("gallery_id")[0m
  ↳ db/migrate/20210510180703_create_artists.rb:16
  [1m[36mActiveRecord::SchemaMigration Create (0.1ms)[0m  [1m[32mINSERT INTO "schema_migrations" ("version") VALUES (?)[0m  [["version", "20210510180703"]]
  ↳ bin/rails:9
  [1m[35m (0.5ms)[0m  [1m[36mcommit transaction[0m
  ↳ bin/rails:9
  [1m[36mActiveRecord::InternalMetadata Load (1.0ms)[0m  [1m[34mSELECT  "ar_internal_metadata".* FROM "ar_internal_metadata" WHERE "ar_internal_metadata"."key" = ? LIMIT ?[0m  [["key", "environment"], ["LIMIT", 1]]
  ↳ bin/rails:9
  [1m[35m (0.1ms)[0m  [1m[36mbegin transaction[0m
  ↳ bin/rails:9
  [1m[35m (0.0ms)[0m  [1m[36mcommit transaction[0m
  ↳ bin/rails:9
  [1m[35m (0.1ms)[0m  [1m[34mSELECT "schema_migrations"."version" FROM "schema_migrations" ORDER BY "schema_migrations"."version" ASC[0m
  ↳ bin/rails:9
  [1m[35m (0.1ms)[0m  [1m[34mSELECT "schema_migrations"."version" FROM "schema_migrations" ORDER BY "schema_migrations"."version" ASC[0m
  ↳ bin/rails:9
Migrating to CreateGalleries (20210510180951)
  [1m[35m (0.0ms)[0m  [1m[36mbegin transaction[0m
  ↳ bin/rails:9
  [1m[35m (0.1ms)[0m  [1m[34mSELECT sqlite_version(*)[0m
  ↳ db/migrate/20210510180951_create_galleries.rb:3
  [1m[35m (4.5ms)[0m  [1m[35mCREATE TABLE "galleries" ("id" integer PRIMARY KEY AUTOINCREMENT NOT NULL, "name" varchar NOT NULL, "location" varchar NOT NULL, "about" text, "created_at" datetime NOT NULL, "updated_at" datetime NOT NULL)[0m
  ↳ db/migrate/20210510180951_create_galleries.rb:3
  [1m[35m (0.1ms)[0m  [1m[35mCREATE  INDEX "index_galleries_on_name" ON "galleries" ("name")[0m
  ↳ db/migrate/20210510180951_create_galleries.rb:10
  [1m[35m (0.1ms)[0m  [1m[35mCREATE  INDEX "index_galleries_on_location" ON "galleries" ("location")[0m
  ↳ db/migrate/20210510180951_create_galleries.rb:11
  [1m[36mActiveRecord::SchemaMigration Create (0.2ms)[0m  [1m[32mINSERT INTO "schema_migrations" ("version") VALUES (?)[0m  [["version", "20210510180951"]]
  ↳ bin/rails:9
  [1m[35m (0.6ms)[0m  [1m[36mcommit transaction[0m
  ↳ bin/rails:9
  [1m[36mActiveRecord::InternalMetadata Load (1.1ms)[0m  [1m[34mSELECT  "ar_internal_metadata".* FROM "ar_internal_metadata" WHERE "ar_internal_metadata"."key" = ? LIMIT ?[0m  [["key", "environment"], ["LIMIT", 1]]
  ↳ bin/rails:9
  [1m[35m (0.0ms)[0m  [1m[36mbegin transaction[0m
  ↳ bin/rails:9
  [1m[35m (0.0ms)[0m  [1m[36mcommit transaction[0m
  ↳ bin/rails:9
  [1m[35m (0.1ms)[0m  [1m[34mSELECT "schema_migrations"."version" FROM "schema_migrations" ORDER BY "schema_migrations"."version" ASC[0m
  ↳ bin/rails:9
  [1m[35m (0.1ms)[0m  [1m[34mSELECT "schema_migrations"."version" FROM "schema_migrations" ORDER BY "schema_migrations"."version" ASC[0m
  ↳ bin/rails:9
Migrating to CreateMediums (20210510181043)
  [1m[35m (0.0ms)[0m  [1m[36mbegin transaction[0m
  ↳ bin/rails:9
  [1m[35m (0.1ms)[0m  [1m[34mSELECT sqlite_version(*)[0m
  ↳ db/migrate/20210510181043_create_mediums.rb:3
  [1m[35m (0.6ms)[0m  [1m[35mCREATE TABLE "mediums" ("id" integer PRIMARY KEY AUTOINCREMENT NOT NULL, "name" varchar NOT NULL, "created_at" datetime NOT NULL, "updated_at" datetime NOT NULL)[0m
  ↳ db/migrate/20210510181043_create_mediums.rb:3
  [1m[35m (0.1ms)[0m  [1m[35mCREATE  INDEX "index_mediums_on_name" ON "mediums" ("name")[0m
  ↳ db/migrate/20210510181043_create_mediums.rb:7
  [1m[36mActiveRecord::SchemaMigration Create (0.2ms)[0m  [1m[32mINSERT INTO "schema_migrations" ("version") VALUES (?)[0m  [["version", "20210510181043"]]
  ↳ bin/rails:9
  [1m[35m (0.5ms)[0m  [1m[36mcommit transaction[0m
  ↳ bin/rails:9
  [1m[36mActiveRecord::InternalMetadata Load (1.1ms)[0m  [1m[34mSELECT  "ar_internal_metadata".* FROM "ar_internal_metadata" WHERE "ar_internal_metadata"."key" = ? LIMIT ?[0m  [["key", "environment"], ["LIMIT", 1]]
  ↳ bin/rails:9
  [1m[35m (0.1ms)[0m  [1m[36mbegin transaction[0m
  ↳ bin/rails:9
  [1m[35m (0.1ms)[0m  [1m[36mcommit transaction[0m
  ↳ bin/rails:9
  [1m[35m (0.1ms)[0m  [1m[34mSELECT "schema_migrations"."version" FROM "schema_migrations" ORDER BY "schema_migrations"."version" ASC[0m
  ↳ bin/rails:9
  [1m[35m (0.1ms)[0m  [1m[34mSELECT "schema_migrations"."version" FROM "schema_migrations" ORDER BY "schema_migrations"."version" ASC[0m
  ↳ bin/rails:9
Migrating to CreateFollows (20210510181127)
  [1m[35m (0.0ms)[0m  [1m[36mbegin transaction[0m
  ↳ bin/rails:9
  [1m[35m (0.0ms)[0m  [1m[34mSELECT sqlite_version(*)[0m
  ↳ db/migrate/20210510181127_create_follows.rb:3
  [1m[35m (0.6ms)[0m  [1m[35mCREATE TABLE "follows" ("id" integer PRIMARY KEY AUTOINCREMENT NOT NULL, "follower_id" integer NOT NULL, "followable_type" varchar, "followable_id" integer, "created_at" datetime NOT NULL, "updated_at" datetime NOT NULL)[0m
  ↳ db/migrate/20210510181127_create_follows.rb:3
  [1m[35m (0.1ms)[0m  [1m[35mCREATE  INDEX "index_follows_on_followable_type_and_followable_id" ON "follows" ("followable_type", "followable_id")[0m
  ↳ db/migrate/20210510181127_create_follows.rb:3
  [1m[36mActiveRecord::SchemaMigration Create (0.1ms)[0m  [1m[32mINSERT INTO "schema_migrations" ("version") VALUES (?)[0m  [["version", "20210510181127"]]
  ↳ bin/rails:9
  [1m[35m (0.6ms)[0m  [1m[36mcommit transaction[0m
  ↳ bin/rails:9
  [1m[36mActiveRecord::InternalMetadata Load (1.1ms)[0m  [1m[34mSELECT  "ar_internal_metadata".* FROM "ar_internal_metadata" WHERE "ar_internal_metadata"."key" = ? LIMIT ?[0m  [["key", "environment"], ["LIMIT", 1]]
  ↳ bin/rails:9
  [1m[35m (0.0ms)[0m  [1m[36mbegin transaction[0m
  ↳ bin/rails:9
  [1m[35m (0.0ms)[0m  [1m[36mcommit transaction[0m
  ↳ bin/rails:9
  [1m[35m (0.1ms)[0m  [1m[34mSELECT "schema_migrations"."version" FROM "schema_migrations" ORDER BY "schema_migrations"."version" ASC[0m
  ↳ bin/rails:9
  [1m[35m (0.1ms)[0m  [1m[34mSELECT "schema_migrations"."version" FROM "schema_migrations" ORDER BY "schema_migrations"."version" ASC[0m
  ↳ bin/rails:9
Migrating to CreateLikes (20210510181421)
  [1m[35m (0.0ms)[0m  [1m[36mbegin transaction[0m
  ↳ bin/rails:9
  [1m[35m (0.1ms)[0m  [1m[34mSELECT sqlite_version(*)[0m
  ↳ db/migrate/20210510181421_create_likes.rb:3
  [1m[35m (0.6ms)[0m  [1m[35mCREATE TABLE "likes" ("id" integer PRIMARY KEY AUTOINCREMENT NOT NULL, "liker_id" integer NOT NULL, "created_at" datetime NOT NULL, "updated_at" datetime NOT NULL)[0m
  ↳ db/migrate/20210510181421_create_likes.rb:3
  [1m[35m (0.1ms)[0m  [1m[35mCREATE UNIQUE INDEX "index_likes_on_liker_id" ON "likes" ("liker_id")[0m
  ↳ db/migrate/20210510181421_create_likes.rb:7
  [1m[36mActiveRecord::SchemaMigration Create (0.1ms)[0m  [1m[32mINSERT INTO "schema_migrations" ("version") VALUES (?)[0m  [["version", "20210510181421"]]
  ↳ bin/rails:9
  [1m[35m (0.5ms)[0m  [1m[36mcommit transaction[0m
  ↳ bin/rails:9
  [1m[36mActiveRecord::InternalMetadata Load (1.1ms)[0m  [1m[34mSELECT  "ar_internal_metadata".* FROM "ar_internal_metadata" WHERE "ar_internal_metadata"."key" = ? LIMIT ?[0m  [["key", "environment"], ["LIMIT", 1]]
  ↳ bin/rails:9
  [1m[35m (0.0ms)[0m  [1m[36mbegin transaction[0m
  ↳ bin/rails:9
  [1m[35m (0.0ms)[0m  [1m[36mcommit transaction[0m
  ↳ bin/rails:9
  [1m[35m (0.1ms)[0m  [1m[34mSELECT "schema_migrations"."version" FROM "schema_migrations" ORDER BY "schema_migrations"."version" ASC[0m
  ↳ bin/rails:9
Started GET "/" for ::1 at 2021-05-10 17:16:21 -0400
  [1m[35m (0.3ms)[0m  [1m[34mSELECT "schema_migrations"."version" FROM "schema_migrations" ORDER BY "schema_migrations"."version" ASC[0m
  ↳ /Users/sebastiansanchez/.rbenv/versions/2.5.8/lib/ruby/gems/2.5.0/gems/activerecord-5.2.5/lib/active_record/log_subscriber.rb:98

ActionController::RoutingError - uninitialized constant StaticPagesController:

Started POST "/__better_errors/30e69b7b32197bd6/variables" for ::1 at 2021-05-10 17:16:23 -0400
Started GET "/" for ::1 at 2021-05-10 17:17:23 -0400

ActionController::RoutingError - uninitialized constant StaticPagesController:

Started POST "/__better_errors/b8e21a2431bc6090/variables" for ::1 at 2021-05-10 17:17:23 -0400
Started GET "/" for ::1 at 2021-05-10 17:18:10 -0400

ActionController::RoutingError - uninitialized constant StaticPagesController:

Started POST "/__better_errors/469a3211d717b257/variables" for ::1 at 2021-05-10 17:18:10 -0400
Started GET "/" for ::1 at 2021-05-10 17:18:12 -0400

ActionController::RoutingError - uninitialized constant StaticPagesController:

Started POST "/__better_errors/3724096cb0c7c154/variables" for ::1 at 2021-05-10 17:18:12 -0400
Started GET "/" for ::1 at 2021-05-10 17:18:52 -0400

ActionController::RoutingError - uninitialized constant StaticPagesController:

Started POST "/__better_errors/b15dcfb269ba3982/variables" for ::1 at 2021-05-10 17:18:52 -0400
Started GET "/" for ::1 at 2021-05-10 17:18:56 -0400

ActionController::RoutingError - uninitialized constant StaticPagesController:

Started POST "/__better_errors/274ed9f100fd1280/variables" for ::1 at 2021-05-10 17:18:56 -0400
Started GET "/" for ::1 at 2021-05-10 17:18:56 -0400

ActionController::RoutingError - uninitialized constant StaticPagesController:

Started POST "/__better_errors/acb5057034964eec/variables" for ::1 at 2021-05-10 17:18:56 -0400
Started GET "/" for ::1 at 2021-05-10 17:18:57 -0400

ActionController::RoutingError - uninitialized constant StaticPagesController:

Started POST "/__better_errors/108ed94319ae4f2a/variables" for ::1 at 2021-05-10 17:18:57 -0400
Started GET "/" for ::1 at 2021-05-10 17:18:57 -0400

ActionController::RoutingError - uninitialized constant StaticPagesController:

Started POST "/__better_errors/dc483f103489a9fb/variables" for ::1 at 2021-05-10 17:18:57 -0400
Started POST "/__better_errors/dc483f103489a9fb/variables" for ::1 at 2021-05-10 17:19:30 -0400
Started POST "/__better_errors/dc483f103489a9fb/variables" for ::1 at 2021-05-10 17:19:31 -0400
Started POST "/__better_errors/dc483f103489a9fb/variables" for ::1 at 2021-05-10 17:19:32 -0400
Started POST "/__better_errors/dc483f103489a9fb/variables" for ::1 at 2021-05-10 17:19:33 -0400
Started POST "/__better_errors/dc483f103489a9fb/variables" for ::1 at 2021-05-10 17:19:34 -0400
Started POST "/__better_errors/dc483f103489a9fb/variables" for ::1 at 2021-05-10 17:19:37 -0400
Started POST "/__better_errors/dc483f103489a9fb/variables" for ::1 at 2021-05-10 17:19:38 -0400
Started POST "/__better_errors/dc483f103489a9fb/variables" for ::1 at 2021-05-10 17:19:38 -0400
Started POST "/__better_errors/dc483f103489a9fb/variables" for ::1 at 2021-05-10 17:19:39 -0400
Started POST "/__better_errors/dc483f103489a9fb/variables" for ::1 at 2021-05-10 17:19:39 -0400
Started POST "/__better_errors/dc483f103489a9fb/variables" for ::1 at 2021-05-10 17:19:40 -0400
Started GET "/" for ::1 at 2021-05-10 17:21:09 -0400
Processing by StaticPagesController#root as HTML
  Rendering static_pages/root.html.erb within layouts/application
  Rendered static_pages/root.html.erb within layouts/application (0.9ms)
Completed 500 Internal Server Error in 159ms (ActiveRecord: 0.0ms)



Sprockets::FileNotFound - couldn't find file 'turbolinks' with type 'application/javascript'
Checked in these paths: 
  /Users/sebastiansanchez/Desktop/AppAcademy/Full Stack Project/ARTSEE/app/assets/config
  /Users/sebastiansanchez/Desktop/AppAcademy/Full Stack Project/ARTSEE/app/assets/images
  /Users/sebastiansanchez/Desktop/AppAcademy/Full Stack Project/ARTSEE/app/assets/javascripts
  /Users/sebastiansanchez/Desktop/AppAcademy/Full Stack Project/ARTSEE/app/assets/stylesheets
  /Users/sebastiansanchez/.rbenv/versions/2.5.8/lib/ruby/gems/2.5.0/gems/jquery-rails-4.4.0/vendor/assets/javascripts
  /Users/sebastiansanchez/.rbenv/versions/2.5.8/lib/ruby/gems/2.5.0/gems/coffee-rails-4.2.2/lib/assets/javascripts
  /Users/sebastiansanchez/.rbenv/versions/2.5.8/lib/ruby/gems/2.5.0/gems/actioncable-5.2.5/lib/assets/compiled
  /Users/sebastiansanchez/.rbenv/versions/2.5.8/lib/ruby/gems/2.5.0/gems/activestorage-5.2.5/app/assets/javascripts
  /Users/sebastiansanchez/.rbenv/versions/2.5.8/lib/ruby/gems/2.5.0/gems/actionview-5.2.5/lib/assets/compiled
  /Users/sebastiansanchez/Desktop/AppAcademy/Full Stack Project/ARTSEE/node_modules:
  app/views/layouts/application.html.erb:8:in `_app_views_layouts_application_html_erb___3609073660973629883_70184104213240'

Started POST "/__better_errors/98274e524abab0ff/variables" for ::1 at 2021-05-10 17:21:10 -0400
Started GET "/" for ::1 at 2021-05-10 17:21:38 -0400
Processing by StaticPagesController#root as HTML
  Rendering static_pages/root.html.erb within layouts/application
  Rendered static_pages/root.html.erb within layouts/application (0.2ms)
Completed 500 Internal Server Error in 16ms (ActiveRecord: 0.0ms)



Sprockets::FileNotFound - couldn't find file 'turbolinks' with type 'application/javascript'
Checked in these paths: 
  /Users/sebastiansanchez/Desktop/AppAcademy/Full Stack Project/ARTSEE/app/assets/config
  /Users/sebastiansanchez/Desktop/AppAcademy/Full Stack Project/ARTSEE/app/assets/images
  /Users/sebastiansanchez/Desktop/AppAcademy/Full Stack Project/ARTSEE/app/assets/javascripts
  /Users/sebastiansanchez/Desktop/AppAcademy/Full Stack Project/ARTSEE/app/assets/stylesheets
  /Users/sebastiansanchez/.rbenv/versions/2.5.8/lib/ruby/gems/2.5.0/gems/jquery-rails-4.4.0/vendor/assets/javascripts
  /Users/sebastiansanchez/.rbenv/versions/2.5.8/lib/ruby/gems/2.5.0/gems/coffee-rails-4.2.2/lib/assets/javascripts
  /Users/sebastiansanchez/.rbenv/versions/2.5.8/lib/ruby/gems/2.5.0/gems/actioncable-5.2.5/lib/assets/compiled
  /Users/sebastiansanchez/.rbenv/versions/2.5.8/lib/ruby/gems/2.5.0/gems/activestorage-5.2.5/app/assets/javascripts
  /Users/sebastiansanchez/.rbenv/versions/2.5.8/lib/ruby/gems/2.5.0/gems/actionview-5.2.5/lib/assets/compiled
  /Users/sebastiansanchez/Desktop/AppAcademy/Full Stack Project/ARTSEE/node_modules:
  app/views/layouts/application.html.erb:8:in `_app_views_layouts_application_html_erb___3609073660973629883_70183956315860'

Started POST "/__better_errors/2218b543b191d154/variables" for ::1 at 2021-05-10 17:21:38 -0400
Started GET "/" for ::1 at 2021-05-10 17:22:43 -0400
Processing by StaticPagesController#root as HTML
  Rendering static_pages/root.html.erb within layouts/application
  Rendered static_pages/root.html.erb within layouts/application (0.2ms)
Completed 500 Internal Server Error in 23ms (ActiveRecord: 0.0ms)



Sprockets::FileNotFound - couldn't find file 'turbolinks' with type 'application/javascript'
Checked in these paths: 
  /Users/sebastiansanchez/Desktop/AppAcademy/Full Stack Project/ARTSEE/app/assets/config
  /Users/sebastiansanchez/Desktop/AppAcademy/Full Stack Project/ARTSEE/app/assets/images
  /Users/sebastiansanchez/Desktop/AppAcademy/Full Stack Project/ARTSEE/app/assets/javascripts
  /Users/sebastiansanchez/Desktop/AppAcademy/Full Stack Project/ARTSEE/app/assets/stylesheets
  /Users/sebastiansanchez/.rbenv/versions/2.5.8/lib/ruby/gems/2.5.0/gems/jquery-rails-4.4.0/vendor/assets/javascripts
  /Users/sebastiansanchez/.rbenv/versions/2.5.8/lib/ruby/gems/2.5.0/gems/coffee-rails-4.2.2/lib/assets/javascripts
  /Users/sebastiansanchez/.rbenv/versions/2.5.8/lib/ruby/gems/2.5.0/gems/actioncable-5.2.5/lib/assets/compiled
  /Users/sebastiansanchez/.rbenv/versions/2.5.8/lib/ruby/gems/2.5.0/gems/activestorage-5.2.5/app/assets/javascripts
  /Users/sebastiansanchez/.rbenv/versions/2.5.8/lib/ruby/gems/2.5.0/gems/actionview-5.2.5/lib/assets/compiled
  /Users/sebastiansanchez/Desktop/AppAcademy/Full Stack Project/ARTSEE/node_modules:
  app/views/layouts/application.html.erb:8:in `_app_views_layouts_application_html_erb___3609073660973629883_70183957422840'

Started POST "/__better_errors/4c48fdff3b2a11b9/variables" for ::1 at 2021-05-10 17:22:43 -0400
Started GET "/" for ::1 at 2021-05-10 17:23:07 -0400
Processing by StaticPagesController#root as HTML
  Rendering static_pages/root.html.erb within layouts/application
  Rendered static_pages/root.html.erb within layouts/application (0.5ms)
Completed 500 Internal Server Error in 16ms (ActiveRecord: 0.0ms)



Sprockets::FileNotFound - couldn't find file 'turbolinks' with type 'application/javascript'
Checked in these paths: 
  /Users/sebastiansanchez/Desktop/AppAcademy/Full Stack Project/ARTSEE/app/assets/config
  /Users/sebastiansanchez/Desktop/AppAcademy/Full Stack Project/ARTSEE/app/assets/images
  /Users/sebastiansanchez/Desktop/AppAcademy/Full Stack Project/ARTSEE/app/assets/javascripts
  /Users/sebastiansanchez/Desktop/AppAcademy/Full Stack Project/ARTSEE/app/assets/stylesheets
  /Users/sebastiansanchez/.rbenv/versions/2.5.8/lib/ruby/gems/2.5.0/gems/jquery-rails-4.4.0/vendor/assets/javascripts
  /Users/sebastiansanchez/.rbenv/versions/2.5.8/lib/ruby/gems/2.5.0/gems/coffee-rails-4.2.2/lib/assets/javascripts
  /Users/sebastiansanchez/.rbenv/versions/2.5.8/lib/ruby/gems/2.5.0/gems/actioncable-5.2.5/lib/assets/compiled
  /Users/sebastiansanchez/.rbenv/versions/2.5.8/lib/ruby/gems/2.5.0/gems/activestorage-5.2.5/app/assets/javascripts
  /Users/sebastiansanchez/.rbenv/versions/2.5.8/lib/ruby/gems/2.5.0/gems/actionview-5.2.5/lib/assets/compiled
  /Users/sebastiansanchez/Desktop/AppAcademy/Full Stack Project/ARTSEE/node_modules:
  app/views/layouts/application.html.erb:8:in `_app_views_layouts_application_html_erb___3609073660973629883_70183934100960'

Started POST "/__better_errors/fbdec77c9db25d70/variables" for ::1 at 2021-05-10 17:23:07 -0400
Started GET "/" for ::1 at 2021-05-10 17:23:28 -0400
Processing by StaticPagesController#root as HTML
  Rendering static_pages/root.html.erb within layouts/application
  Rendered static_pages/root.html.erb within layouts/application (0.6ms)
Completed 500 Internal Server Error in 31ms (ActiveRecord: 0.0ms)



Sprockets::FileNotFound - couldn't find file 'turbolinks' with type 'application/javascript'
Checked in these paths: 
  /Users/sebastiansanchez/Desktop/AppAcademy/Full Stack Project/ARTSEE/app/assets/config
  /Users/sebastiansanchez/Desktop/AppAcademy/Full Stack Project/ARTSEE/app/assets/images
  /Users/sebastiansanchez/Desktop/AppAcademy/Full Stack Project/ARTSEE/app/assets/javascripts
  /Users/sebastiansanchez/Desktop/AppAcademy/Full Stack Project/ARTSEE/app/assets/stylesheets
  /Users/sebastiansanchez/.rbenv/versions/2.5.8/lib/ruby/gems/2.5.0/gems/jquery-rails-4.4.0/vendor/assets/javascripts
  /Users/sebastiansanchez/.rbenv/versions/2.5.8/lib/ruby/gems/2.5.0/gems/coffee-rails-4.2.2/lib/assets/javascripts
  /Users/sebastiansanchez/.rbenv/versions/2.5.8/lib/ruby/gems/2.5.0/gems/actioncable-5.2.5/lib/assets/compiled
  /Users/sebastiansanchez/.rbenv/versions/2.5.8/lib/ruby/gems/2.5.0/gems/activestorage-5.2.5/app/assets/javascripts
  /Users/sebastiansanchez/.rbenv/versions/2.5.8/lib/ruby/gems/2.5.0/gems/actionview-5.2.5/lib/assets/compiled
  /Users/sebastiansanchez/Desktop/AppAcademy/Full Stack Project/ARTSEE/node_modules:
  app/views/layouts/application.html.erb:8:in `_app_views_layouts_application_html_erb___3609073660973629883_70183956227100'

Started POST "/__better_errors/db983cefb6b56b3e/variables" for ::1 at 2021-05-10 17:23:29 -0400
Started GET "/" for ::1 at 2021-05-10 17:23:30 -0400
Processing by StaticPagesController#root as HTML
  Rendering static_pages/root.html.erb within layouts/application
  Rendered static_pages/root.html.erb within layouts/application (0.2ms)
Completed 500 Internal Server Error in 14ms (ActiveRecord: 0.0ms)



Sprockets::FileNotFound - couldn't find file 'turbolinks' with type 'application/javascript'
Checked in these paths: 
  /Users/sebastiansanchez/Desktop/AppAcademy/Full Stack Project/ARTSEE/app/assets/config
  /Users/sebastiansanchez/Desktop/AppAcademy/Full Stack Project/ARTSEE/app/assets/images
  /Users/sebastiansanchez/Desktop/AppAcademy/Full Stack Project/ARTSEE/app/assets/javascripts
  /Users/sebastiansanchez/Desktop/AppAcademy/Full Stack Project/ARTSEE/app/assets/stylesheets
  /Users/sebastiansanchez/.rbenv/versions/2.5.8/lib/ruby/gems/2.5.0/gems/jquery-rails-4.4.0/vendor/assets/javascripts
  /Users/sebastiansanchez/.rbenv/versions/2.5.8/lib/ruby/gems/2.5.0/gems/coffee-rails-4.2.2/lib/assets/javascripts
  /Users/sebastiansanchez/.rbenv/versions/2.5.8/lib/ruby/gems/2.5.0/gems/actioncable-5.2.5/lib/assets/compiled
  /Users/sebastiansanchez/.rbenv/versions/2.5.8/lib/ruby/gems/2.5.0/gems/activestorage-5.2.5/app/assets/javascripts
  /Users/sebastiansanchez/.rbenv/versions/2.5.8/lib/ruby/gems/2.5.0/gems/actionview-5.2.5/lib/assets/compiled
  /Users/sebastiansanchez/Desktop/AppAcademy/Full Stack Project/ARTSEE/node_modules:
  app/views/layouts/application.html.erb:8:in `_app_views_layouts_application_html_erb___3609073660973629883_70184108499620'

Started POST "/__better_errors/aef6ff6d17f354c5/variables" for ::1 at 2021-05-10 17:23:30 -0400
Started GET "/" for ::1 at 2021-05-10 17:24:32 -0400
Processing by StaticPagesController#root as HTML
  Rendering static_pages/root.html.erb within layouts/application
  Rendered static_pages/root.html.erb within layouts/application (0.3ms)
Completed 200 OK in 337ms (Views: 334.0ms | ActiveRecord: 0.0ms)


Started GET "/" for ::1 at 2021-05-10 17:25:10 -0400
Processing by StaticPagesController#root as HTML
  Rendering static_pages/root.html.erb within layouts/application
  Rendered static_pages/root.html.erb within layouts/application (0.7ms)
Completed 200 OK in 18ms (Views: 15.7ms | ActiveRecord: 0.0ms)


Started GET "/" for ::1 at 2021-05-10 17:25:11 -0400
Processing by StaticPagesController#root as HTML
  Rendering static_pages/root.html.erb within layouts/application
  Rendered static_pages/root.html.erb within layouts/application (0.5ms)
Completed 200 OK in 20ms (Views: 17.8ms | ActiveRecord: 0.0ms)


Started GET "/" for ::1 at 2021-05-10 17:30:21 -0400
Processing by StaticPagesController#root as HTML
  Rendering static_pages/root.html.erb within layouts/application
  Rendered static_pages/root.html.erb within layouts/application (3.6ms)
Completed 200 OK in 50ms (Views: 44.4ms | ActiveRecord: 0.0ms)


Started GET "/" for ::1 at 2021-05-10 17:31:24 -0400
Processing by StaticPagesController#root as HTML
  Rendering static_pages/root.html.erb within layouts/application
  Rendered static_pages/root.html.erb within layouts/application (0.7ms)
Completed 200 OK in 21ms (Views: 19.6ms | ActiveRecord: 0.0ms)


Started GET "/" for ::1 at 2021-05-10 17:34:11 -0400
Processing by StaticPagesController#root as HTML
  Rendering static_pages/root.html.erb within layouts/application
  Rendered static_pages/root.html.erb within layouts/application (2.6ms)
Completed 200 OK in 29ms (Views: 26.1ms | ActiveRecord: 0.0ms)


Started GET "/" for ::1 at 2021-05-10 17:37:02 -0400
Processing by StaticPagesController#root as HTML
  Rendering static_pages/root.html.erb within layouts/application
  Rendered static_pages/root.html.erb within layouts/application (5.3ms)
Completed 200 OK in 59ms (Views: 55.3ms | ActiveRecord: 0.0ms)


Started GET "/" for ::1 at 2021-05-10 17:38:34 -0400
Processing by StaticPagesController#root as HTML
  Rendering static_pages/root.html.erb within layouts/application
  Rendered static_pages/root.html.erb within layouts/application (2.3ms)
Completed 200 OK in 24ms (Views: 21.3ms | ActiveRecord: 0.0ms)


Started GET "/" for ::1 at 2021-05-10 17:38:46 -0400
Processing by StaticPagesController#root as HTML
  Rendering static_pages/root.html.erb within layouts/application
  Rendered static_pages/root.html.erb within layouts/application (0.4ms)
Completed 200 OK in 36ms (Views: 31.5ms | ActiveRecord: 0.0ms)


Started GET "/" for ::1 at 2021-05-10 17:38:58 -0400
Processing by StaticPagesController#root as HTML
  Rendering static_pages/root.html.erb within layouts/application
  Rendered static_pages/root.html.erb within layouts/application (0.7ms)
Completed 200 OK in 15ms (Views: 14.0ms | ActiveRecord: 0.0ms)


Started GET "/" for ::1 at 2021-05-10 17:39:19 -0400
Processing by StaticPagesController#root as HTML
  Rendering static_pages/root.html.erb within layouts/application
  Rendered static_pages/root.html.erb within layouts/application (0.5ms)
Completed 200 OK in 15ms (Views: 13.4ms | ActiveRecord: 0.0ms)


Started GET "/" for ::1 at 2021-05-10 17:39:30 -0400
Processing by StaticPagesController#root as HTML
  Rendering static_pages/root.html.erb within layouts/application
  Rendered static_pages/root.html.erb within layouts/application (1.5ms)
Completed 200 OK in 31ms (Views: 29.5ms | ActiveRecord: 0.0ms)


Started GET "/" for ::1 at 2021-05-10 17:39:36 -0400
Processing by StaticPagesController#root as HTML
  Rendering static_pages/root.html.erb within layouts/application
  Rendered static_pages/root.html.erb within layouts/application (0.3ms)
Completed 200 OK in 17ms (Views: 15.8ms | ActiveRecord: 0.0ms)


Started GET "/" for ::1 at 2021-05-10 17:40:07 -0400
Processing by StaticPagesController#root as HTML
  Rendering static_pages/root.html.erb within layouts/application
  Rendered static_pages/root.html.erb within layouts/application (1.0ms)
Completed 200 OK in 18ms (Views: 16.1ms | ActiveRecord: 0.0ms)


Started GET "/" for ::1 at 2021-05-10 17:40:08 -0400
Processing by StaticPagesController#root as HTML
  Rendering static_pages/root.html.erb within layouts/application
  Rendered static_pages/root.html.erb within layouts/application (0.3ms)
Completed 200 OK in 14ms (Views: 12.3ms | ActiveRecord: 0.0ms)


Started GET "/" for ::1 at 2021-05-10 17:40:56 -0400
Processing by StaticPagesController#root as HTML
  Rendering static_pages/root.html.erb within layouts/application
  Rendered static_pages/root.html.erb within layouts/application (0.3ms)
Completed 200 OK in 25ms (Views: 19.9ms | ActiveRecord: 0.0ms)


